[Message:   BepInEx] BepInEx 5.4.9.0 - valheim_server
[Info   :   BepInEx] Running under Unity v2019.4.20.7197120
[Info   :   BepInEx] CLR runtime version: 4.0.30319.42000
[Info   :   BepInEx] Supports SRE: True
[Info   :   BepInEx] System platform: Bits64, Windows
[Message:   BepInEx] Preloader started
[Info   :   BepInEx] 1 patcher plugin loaded
[Info   :   BepInEx] Patching [UnityEngine.CoreModule] with [BepInEx.Chainloader]
[Message:   BepInEx] Preloader finished
[Message:   BepInEx] Chainloader ready
[Message:   BepInEx] Chainloader started
[Info   :   BepInEx] 7 plugins to load
[Warning:   BepInEx] Skipping [Safe Death 1.0.0] because of process filters (valheim.exe)
[Info   :   BepInEx] Loading [Building Damage Mod 0.3.2]
[Info   :   BepInEx] Loading [VOnline 0.1]
[Info   :   Console] VONLINE: Loaded safe zone DefaultSpawnSafeZone (0, 0) radius 50
[Info   :   BepInEx] Loading [AntiCheat 1.0.0]
[Info   :   BepInEx] Loading [Dream's Max Player Modifier 1.0.0.0]
[Info   :   BepInEx] Loading [Gravekeeper 2.2.0]
[Info   :Gravekeeper] Gravekeeper loaded.
[Info   :   BepInEx] Loading [Display BepInEx Info In-Game 1.0.1]
[Message:   BepInEx] Chainloader startup complete
[Info   : Unity Log] 03/23/2021 12:28:18: Starting to load scene:start

[Warning: Unity Log] HDR Render Texture not supported, disabling HDR on reflection probe.
[Warning: Unity Log] HDR Render Texture not supported, disabling HDR on reflection probe.
[Warning: Unity Log] Only custom filters can be played. Please add a custom filter or an audioclip to the audiosource (Amb_MainMenu).
[Warning: Unity Log] HDR Render Texture not supported, disabling HDR on reflection probe.
[Info   : Unity Log] 03/23/2021 12:28:31: Initializing world generator seed: ( 0 )   menu:True  worldgen version:1

[Info   : Unity Log] 03/23/2021 12:28:31: Using mountain distance: 1000

[Info   : Unity Log] 03/23/2021 12:28:31: Render threading mode:SingleThreaded

[Info   : Unity Log] 03/23/2021 12:28:31: Get create world Warriors

[Info   : Unity Log] 03/23/2021 12:28:31: Using environment steamid 892970

[Info   : Unity Log] 03/23/2021 12:28:31: Using steam APPID:892970

[Info   : Unity Log] 03/23/2021 12:28:31: Server ID 90071992547409920

[Info   : Unity Log] 03/23/2021 12:28:31: Authentication:k_ESteamNetworkingAvailability_Waiting

[Info   : Unity Log] 03/23/2021 12:28:31: Steam game server initialized

[Warning: Unity Log] 03/23/2021 12:28:31: Missing audio clip in music respawn

[Info   : Unity Log] 03/23/2021 12:28:32: Loaded localization English

[Warning: Unity Log] HDR Render Texture not supported, disabling HDR on reflection probe.
[Warning: Unity Log] HDR Render Texture not supported, disabling HDR on reflection probe.
[Info   : Unity Log] 03/23/2021 12:28:33: Zonesystem Awake 446

[Info   : Unity Log] 03/23/2021 12:28:33: DungeonDB Awake 446

[Info   : Unity Log] Patched server player limit to new value 20.
[Info   : Unity Log] 03/23/2021 12:28:33: Registering lobby

[Info   : Unity Log] 03/23/2021 12:28:33: Initializing world generator seed:exeF4t4kaD ( 1127391748 )   menu:False  worldgen version:1

[Info   : Unity Log] 03/23/2021 12:28:33: Using mountain distance: 1000

[Info   : Unity Log] 03/23/2021 12:28:33: Found 541 mountain points

[Info   : Unity Log] 03/23/2021 12:28:33: Remaining mountains:73

[Info   : Unity Log] 03/23/2021 12:28:33: Calc time 24.0136 ms

[Info   : Unity Log] 03/23/2021 12:28:33: Found 8388 lake points

[Info   : Unity Log] 03/23/2021 12:28:36: Remaining lakes:123

[Info   : Unity Log] 03/23/2021 12:28:36: Calc time 2433.0351 ms

[Info   : Unity Log] 03/23/2021 12:28:36: Rivers:161

[Info   : Unity Log] 03/23/2021 12:28:36: River buckets 15218

[Info   : Unity Log] 03/23/2021 12:28:36: River render time 350.0294 ms

[Info   : Unity Log] 03/23/2021 12:28:36: River Calc time 371.0008 ms

[Info   : Unity Log] 03/23/2021 12:28:37: River buckets 23800

[Info   : Unity Log] 03/23/2021 12:28:37: River render time 550.9826 ms

[Info   : Unity Log] 03/23/2021 12:28:37: Placed 1867 streams

[Info   : Unity Log] 03/23/2021 12:28:37: Stream Calc time 1322.0042 ms

[Info   : Unity Log] 03/23/2021 12:28:37: Load world Warriors

[Info   : Unity Log] 03/23/2021 12:28:37: Loading 760766 zdos , my id 335881932 data version:26

[Info   : Unity Log] 03/23/2021 12:28:41: Loaded 100000 dead zdos

[Info   : Unity Log] 03/23/2021 12:28:41: Removed 0 OLD generated ZDOS

[Info   : Unity Log] 03/23/2021 12:28:41: Loaded 7132 locations

[Info   : Unity Log] 03/23/2021 12:28:41: Audioman already exist, destroying self

[Info   : Unity Log] 03/23/2021 12:28:46: Zonesystem Start 446

[Info   : Unity Log] 03/23/2021 12:28:46: DungeonDB Start 446

[Info   : Unity Log] 03/23/2021 12:28:46: Game server connected

[Info   : Unity Log] 03/23/2021 12:33:00: Got status changed msg k_ESteamNetworkingConnectionState_Connecting

[Info   : Unity Log] 03/23/2021 12:33:00: New connection

[Info   : Unity Log] 03/23/2021 12:33:00: Accepting connection k_EResultOK

[Info   : Unity Log] 03/23/2021 12:33:00: Connecting to Steamworks.SteamNetworkingIdentity

[Info   : Unity Log] 03/23/2021 12:33:00: Got status changed msg k_ESteamNetworkingConnectionState_Connected

[Info   : Unity Log] 03/23/2021 12:33:00: Connected

[Info   : Unity Log] 03/23/2021 12:33:00: Got connection SteamID 76561198089029718

[Info   : Unity Log] 03/23/2021 12:33:00: Got handshake from client 76561198089029718

[Info   : Unity Log] 03/23/2021 12:33:05: VERSION check their:0.148.6 (VOnline v0.1)  mine:0.147.3 (VOnline v0.1)

[Info   : Unity Log] 03/23/2021 12:33:05: Peer 76561198089029718 has incompatible version, mine:0.147.3 (VOnline v0.1) remote 0.148.6 (VOnline v0.1)

[Info   : Unity Log] 03/23/2021 12:33:05: RPC_Disconnect 

[Info   : Unity Log] 03/23/2021 12:33:05: Disposing socket

[Info   : Unity Log] 03/23/2021 12:33:05: Closing socket 76561198089029718

[Info   : Unity Log] 03/23/2021 12:33:05:   send queue size:0

[Info   : Unity Log] 03/23/2021 12:33:05: Disposing socket

[Info   : Unity Log] 03/23/2021 12:33:05: Got status changed msg k_ESteamNetworkingConnectionState_ClosedByPeer

[Info   : Unity Log] 03/23/2021 12:33:05: Socket closed by peer Steamworks.SteamNetConnectionStatusChangedCallback_t

[Info   : Unity Log] 03/23/2021 12:33:05: Got status changed msg k_ESteamNetworkingConnectionState_None

[Info   : Unity Log] 03/23/2021 12:34:23: Got status changed msg k_ESteamNetworkingConnectionState_Connecting

[Info   : Unity Log] 03/23/2021 12:34:23: New connection

[Info   : Unity Log] 03/23/2021 12:34:23: Accepting connection k_EResultOK

[Info   : Unity Log] 03/23/2021 12:34:23: Connecting to Steamworks.SteamNetworkingIdentity

[Info   : Unity Log] 03/23/2021 12:34:23: Got status changed msg k_ESteamNetworkingConnectionState_Connected

[Info   : Unity Log] 03/23/2021 12:34:23: Connected

[Info   : Unity Log] 03/23/2021 12:34:23: Got connection SteamID 76561198057950656

[Info   : Unity Log] 03/23/2021 12:34:23: Got handshake from client 76561198057950656

[Info   : Unity Log] 03/23/2021 12:34:29: VERSION check their:0.148.6 (VOnline v0.1)  mine:0.147.3 (VOnline v0.1)

[Info   : Unity Log] 03/23/2021 12:34:29: Peer 76561198057950656 has incompatible version, mine:0.147.3 (VOnline v0.1) remote 0.148.6 (VOnline v0.1)

[Info   : Unity Log] 03/23/2021 12:34:29: RPC_Disconnect 

[Info   : Unity Log] 03/23/2021 12:34:29: Disposing socket

[Info   : Unity Log] 03/23/2021 12:34:29: Closing socket 76561198057950656

[Info   : Unity Log] 03/23/2021 12:34:29:   send queue size:0

[Info   : Unity Log] 03/23/2021 12:34:29: Disposing socket

[Info   : Unity Log] 03/23/2021 12:34:29: Got status changed msg k_ESteamNetworkingConnectionState_ClosedByPeer

[Info   : Unity Log] 03/23/2021 12:34:29: Socket closed by peer Steamworks.SteamNetConnectionStatusChangedCallback_t

[Info   : Unity Log] 03/23/2021 12:34:29: Got status changed msg k_ESteamNetworkingConnectionState_None

[Info   : Unity Log] 03/23/2021 12:38:46:  Connections 0 ZDOS:760766  sent:0 recv:0

[Info   : Unity Log] 03/23/2021 12:43:01: Game - OnApplicationQuit

[Info   : Unity Log] 03/23/2021 12:43:01: ZNet Shutdown

[Info   : Unity Log] 03/23/2021 12:43:02: clone 1253

[Info   : Unity Log] 03/23/2021 12:43:05: Sending disconnect msg

[Info   : Unity Log] 03/23/2021 12:43:05: Disposing socket

[Info   : Unity Log] 03/23/2021 12:43:05: Stopping listening socket

[Info   : Unity Log] 03/23/2021 12:43:05: Last socket, unregistering callback

[Info   : Unity Log] 03/23/2021 12:43:05: ZSteamSocket  UnregisterGlobalCallbacks, existing sockets:0

[Info   : Unity Log] 03/23/2021 12:43:08: Steam manager on destroy

[Info   : Unity Log] 03/23/2021 12:43:08: ZNet OnDestroy

[Info   : Unity Log] 03/23/2021 12:43:08: Net scene destroyed

